<?xml version="1.0" encoding="UTF-8"?>
<testsuite name="FuncionalidadesTest" tests="3" skipped="0" failures="0" errors="0" timestamp="2022-05-27T16:45:15" hostname="DESKTOP-VLQBU5O" time="0.039">
  <properties/>
  <testcase name="qntddRoupasInt()" classname="FuncionalidadesTest" time="0.033"/>
  <testcase name="qntddParteCima()" classname="FuncionalidadesTest" time="0.002"/>
  <testcase name="qntddParteBaixo()" classname="FuncionalidadesTest" time="0.002"/>
  <system-out><![CDATA[A quantidade de peças íntimas que você deve levar é: 4
A quantidade de peças da parte de cima que você deve levar é: 2
A quantidade de peças da parte de baixo que você deve levar é: 2
]]></system-out>
  <system-err><![CDATA[]]></system-err>
</testsuite>
