<?xml version="1.0" encoding="UTF-8"?>
<testsuite name="pookotlin.CalculadoraTest" tests="1" skipped="0" failures="0" errors="0" timestamp="2022-05-26T14:19:40" hostname="DESKTOP-VLQBU5O" time="0.052">
  <properties/>
  <testcase name="potTest()" classname="pookotlin.CalculadoraTest" time="0.052"/>
  <system-out><![CDATA[-- PotÃªncia --
3125.0
]]></system-out>
  <system-err><![CDATA[]]></system-err>
</testsuite>
